
> capstone_frontend@0.1.0 start
> react-scripts start

Browserslist: caniuse-lite is outdated. Please run:
  npx update-browserslist-db@latest
  Why you should do it regularly: https://github.com/browserslist/update-db#readme
(node:4871) [DEP_WEBPACK_DEV_SERVER_ON_AFTER_SETUP_MIDDLEWARE] DeprecationWarning: 'onAfterSetupMiddleware' option is deprecated. Please use the 'setupMiddlewares' option.
(node:4871) [DEP_WEBPACK_DEV_SERVER_ON_BEFORE_SETUP_MIDDLEWARE] DeprecationWarning: 'onBeforeSetupMiddleware' option is deprecated. Please use the 'setupMiddlewares' option.
Starting the development server...

Compiled successfully!

You can now view capstone_frontend in the browser.

  Local:            http://localhost:3000
  On Your Network:  http://172.31.44.23:3000

Note that the development build is not optimized.
To create a production build, use yarn build.

webpack compiled successfully
npm ERR! path /home/ubuntu/.ssh/capstone_project/frontend
npm ERR! command failed
npm ERR! signal SIGHUP
npm ERR! command sh -c react-scripts start

npm ERR! A complete log of this run can be found in:
npm ERR!     /home/ubuntu/.npm/_logs/2023-10-11T06_07_27_097Z-debug-0.log

> capstone_frontend@0.1.0 start
> react-scripts start

npm ERR! path /home/ubuntu/.ssh/capstone_project/frontend
npm ERR! command failed
npm ERR! signal SIGHUP
npm ERR! command sh -c react-scripts start

npm ERR! A complete log of this run can be found in:
npm ERR!     /home/ubuntu/.npm/_logs/2023-10-16T00_29_09_576Z-debug-0.log

> capstone_frontend@0.1.0 start
> react-scripts start

Something is already running on port 3000.

> capstone_frontend@0.1.0 start
> react-scripts start

Browserslist: caniuse-lite is outdated. Please run:
  npx update-browserslist-db@latest
  Why you should do it regularly: https://github.com/browserslist/update-db#readme
(node:3297) [DEP_WEBPACK_DEV_SERVER_ON_AFTER_SETUP_MIDDLEWARE] DeprecationWarning: 'onAfterSetupMiddleware' option is deprecated. Please use the 'setupMiddlewares' option.
(node:3297) [DEP_WEBPACK_DEV_SERVER_ON_BEFORE_SETUP_MIDDLEWARE] DeprecationWarning: 'onBeforeSetupMiddleware' option is deprecated. Please use the 'setupMiddlewares' option.
Starting the development server...

Compiled with warnings.

[eslint] 
src/components/home/App.js
  Line 6:10:  'useRecoilState' is defined but never used                                                                        no-unused-vars
  Line 17:7:  React Hook useEffect has a missing dependency: 'setSilverData'. Either include it or remove the dependency array  react-hooks/exhaustive-deps

Search for the keywords to learn more about each warning.
To ignore, add // eslint-disable-next-line to the line before.

WARNING in [eslint] 
src/components/home/App.js
  Line 6:10:  'useRecoilState' is defined but never used                                                                        no-unused-vars
  Line 17:7:  React Hook useEffect has a missing dependency: 'setSilverData'. Either include it or remove the dependency array  react-hooks/exhaustive-deps

webpack compiled with 1 warning
npm ERR! path /home/ubuntu/.ssh/capstone_project/frontend
npm ERR! command failed
npm ERR! signal SIGHUP
npm ERR! command sh -c react-scripts start

npm ERR! A complete log of this run can be found in:
npm ERR!     /home/ubuntu/.npm/_logs/2023-10-16T00_54_12_711Z-debug-0.log

> capstone_frontend@0.1.0 start
> react-scripts start

Browserslist: caniuse-lite is outdated. Please run:
  npx update-browserslist-db@latest
  Why you should do it regularly: https://github.com/browserslist/update-db#readme
(node:3518) [DEP_WEBPACK_DEV_SERVER_ON_AFTER_SETUP_MIDDLEWARE] DeprecationWarning: 'onAfterSetupMiddleware' option is deprecated. Please use the 'setupMiddlewares' option.
(node:3518) [DEP_WEBPACK_DEV_SERVER_ON_BEFORE_SETUP_MIDDLEWARE] DeprecationWarning: 'onBeforeSetupMiddleware' option is deprecated. Please use the 'setupMiddlewares' option.
Starting the development server...

Compiled with warnings.

[eslint] 
src/components/home/App.js
  Line 6:10:  'useRecoilState' is defined but never used                                                                        no-unused-vars
  Line 17:7:  React Hook useEffect has a missing dependency: 'setSilverData'. Either include it or remove the dependency array  react-hooks/exhaustive-deps

Search for the keywords to learn more about each warning.
To ignore, add // eslint-disable-next-line to the line before.

WARNING in [eslint] 
src/components/home/App.js
  Line 6:10:  'useRecoilState' is defined but never used                                                                        no-unused-vars
  Line 17:7:  React Hook useEffect has a missing dependency: 'setSilverData'. Either include it or remove the dependency array  react-hooks/exhaustive-deps

webpack compiled with 1 warning

> capstone_frontend@0.1.0 start
> react-scripts start

Browserslist: caniuse-lite is outdated. Please run:
  npx update-browserslist-db@latest
  Why you should do it regularly: https://github.com/browserslist/update-db#readme
(node:3781) [DEP_WEBPACK_DEV_SERVER_ON_AFTER_SETUP_MIDDLEWARE] DeprecationWarning: 'onAfterSetupMiddleware' option is deprecated. Please use the 'setupMiddlewares' option.
(node:3781) [DEP_WEBPACK_DEV_SERVER_ON_BEFORE_SETUP_MIDDLEWARE] DeprecationWarning: 'onBeforeSetupMiddleware' option is deprecated. Please use the 'setupMiddlewares' option.
Starting the development server...

Compiled successfully!

You can now view capstone_frontend in the browser.

  Local:            http://localhost:3000
  On Your Network:  http://172.31.44.23:3000

Note that the development build is not optimized.
To create a production build, use yarn build.

webpack compiled successfully
npm ERR! path /home/ubuntu/.ssh/capstone_project/frontend
npm ERR! command failed
npm ERR! signal SIGHUP
npm ERR! command sh -c react-scripts start

npm ERR! A complete log of this run can be found in:
npm ERR!     /home/ubuntu/.npm/_logs/2023-10-16T01_13_46_351Z-debug-0.log

> capstone_frontend@0.1.0 start
> react-scripts start

Browserslist: caniuse-lite is outdated. Please run:
  npx update-browserslist-db@latest
  Why you should do it regularly: https://github.com/browserslist/update-db#readme
(node:4317) [DEP_WEBPACK_DEV_SERVER_ON_AFTER_SETUP_MIDDLEWARE] DeprecationWarning: 'onAfterSetupMiddleware' option is deprecated. Please use the 'setupMiddlewares' option.
(node:4317) [DEP_WEBPACK_DEV_SERVER_ON_BEFORE_SETUP_MIDDLEWARE] DeprecationWarning: 'onBeforeSetupMiddleware' option is deprecated. Please use the 'setupMiddlewares' option.
Starting the development server...

Compiled successfully!

You can now view capstone_frontend in the browser.

  Local:            http://localhost:3000
  On Your Network:  http://172.31.44.23:3000

Note that the development build is not optimized.
To create a production build, use yarn build.

webpack compiled successfully
npm ERR! path /home/ubuntu/.ssh/capstone_project/frontend
npm ERR! command failed
npm ERR! signal SIGHUP
npm ERR! command sh -c react-scripts start

npm ERR! A complete log of this run can be found in:
npm ERR!     /home/ubuntu/.npm/_logs/2023-10-16T04_29_25_307Z-debug-0.log

> capstone_frontend@0.1.0 start
> react-scripts start

Browserslist: caniuse-lite is outdated. Please run:
  npx update-browserslist-db@latest
  Why you should do it regularly: https://github.com/browserslist/update-db#readme
(node:7442) [DEP_WEBPACK_DEV_SERVER_ON_AFTER_SETUP_MIDDLEWARE] DeprecationWarning: 'onAfterSetupMiddleware' option is deprecated. Please use the 'setupMiddlewares' option.
(node:7442) [DEP_WEBPACK_DEV_SERVER_ON_BEFORE_SETUP_MIDDLEWARE] DeprecationWarning: 'onBeforeSetupMiddleware' option is deprecated. Please use the 'setupMiddlewares' option.
Starting the development server...

Compiled successfully!

You can now view capstone_frontend in the browser.

  Local:            http://localhost:3000
  On Your Network:  http://172.31.44.23:3000

Note that the development build is not optimized.
To create a production build, use yarn build.

webpack compiled successfully

> capstone_frontend@0.1.0 start
> react-scripts start

Something is already running on port 3000.
npm ERR! path /home/ubuntu/.ssh/capstone_project/frontend
npm ERR! command failed
npm ERR! signal SIGHUP
npm ERR! command sh -c react-scripts start

npm ERR! A complete log of this run can be found in:
npm ERR!     /home/ubuntu/.npm/_logs/2023-10-17T00_55_17_272Z-debug-0.log

> capstone_frontend@0.1.0 start
> react-scripts start

Browserslist: caniuse-lite is outdated. Please run:
  npx update-browserslist-db@latest
  Why you should do it regularly: https://github.com/browserslist/update-db#readme
(node:13855) [DEP_WEBPACK_DEV_SERVER_ON_AFTER_SETUP_MIDDLEWARE] DeprecationWarning: 'onAfterSetupMiddleware' option is deprecated. Please use the 'setupMiddlewares' option.
(node:13855) [DEP_WEBPACK_DEV_SERVER_ON_BEFORE_SETUP_MIDDLEWARE] DeprecationWarning: 'onBeforeSetupMiddleware' option is deprecated. Please use the 'setupMiddlewares' option.
Starting the development server...

Failed to compile.

Module not found: Error: Can't resolve 'react-js-pagination' in '/home/ubuntu/.ssh/capstone_project/frontend/src/components/facility'
WARNING in [eslint] 
src/components/facility/UserLocFacility.js
  Line 17:12:  'searchLoc' is assigned a value but never used                                                                                     no-unused-vars
  Line 17:23:  'setSearchLoc' is assigned a value but never used                                                                                  no-unused-vars
  Line 20:24:  'serSilverData' is assigned a value but never used                                                                                 no-unused-vars
  Line 37:7:   React Hook useEffect has missing dependencies: 'lat', 'lng', and 'silverData'. Either include them or remove the dependency array  react-hooks/exhaustive-deps
  Line 42:19:  Expected '===' and instead saw '=='                                                                                                eqeqeq
  Line 42:37:  Expected '===' and instead saw '=='                                                                                                eqeqeq
  Line 81:80:  Array.prototype.map() expects a value to be returned at the end of arrow function                                                  array-callback-return

src/components/home/App.js
  Line 6:10:  'useRecoilState' is defined but never used                                                                        no-unused-vars
  Line 17:7:  React Hook useEffect has a missing dependency: 'setSilverData'. Either include it or remove the dependency array  react-hooks/exhaustive-deps

src/components/home/RouterWeb.js
  Line 73:7:  React Hook useEffect has a missing dependency: 'getAddress'. Either include it or remove the dependency array  react-hooks/exhaustive-deps

src/components/home/SearchFacility.js
  Line 3:8:    'axios' is defined but never used                                                  no-unused-vars
  Line 7:9:    'useEffect' is defined but never used                                              no-unused-vars
  Line 33:24:  'serSilverData' is assigned a value but never used                                 no-unused-vars
  Line 97:85:  Array.prototype.map() expects a value to be returned at the end of arrow function  array-callback-return

src/routes/FindFacility.js
  Line 1:30:   'Component' is defined but never used                                                                                                          no-unused-vars
  Line 124:7:  React Hook useEffect has missing dependencies: 'checkAccessToken' and 'getKoreaAddress'. Either include them or remove the dependency array    react-hooks/exhaustive-deps
  Line 131:8:  React Hook useEffect has missing dependencies: 'checkAccessToken' and 'checkUserLocation'. Either include them or remove the dependency array  react-hooks/exhaustive-deps

src/routes/Home.js
  Line 72:8:  React Hook useEffect has a missing dependency: 'lastRandom'. Either include it or remove the dependency array  react-hooks/exhaustive-deps

ERROR in ./src/components/facility/UserLocFacility.js 12:0-45
Module not found: Error: Can't resolve 'react-js-pagination' in '/home/ubuntu/.ssh/capstone_project/frontend/src/components/facility'

ERROR in ./src/components/home/SearchFacility.js 22:0-45
Module not found: Error: Can't resolve 'react-js-pagination' in '/home/ubuntu/.ssh/capstone_project/frontend/src/components/home'

webpack compiled with 2 errors and 1 warning
npm ERR! path /home/ubuntu/.ssh/capstone_project/frontend
npm ERR! command failed
npm ERR! signal SIGHUP
npm ERR! command sh -c react-scripts start

npm ERR! A complete log of this run can be found in:
npm ERR!     /home/ubuntu/.npm/_logs/2023-10-19T03_04_14_679Z-debug-0.log

> capstone_frontend@0.1.0 start
> react-scripts start

Browserslist: caniuse-lite is outdated. Please run:
  npx update-browserslist-db@latest
  Why you should do it regularly: https://github.com/browserslist/update-db#readme
(node:14079) [DEP_WEBPACK_DEV_SERVER_ON_AFTER_SETUP_MIDDLEWARE] DeprecationWarning: 'onAfterSetupMiddleware' option is deprecated. Please use the 'setupMiddlewares' option.
(node:14079) [DEP_WEBPACK_DEV_SERVER_ON_BEFORE_SETUP_MIDDLEWARE] DeprecationWarning: 'onBeforeSetupMiddleware' option is deprecated. Please use the 'setupMiddlewares' option.
Starting the development server...

Compiled with warnings.

[eslint] 
src/components/facility/UserLocFacility.js
  Line 17:12:  'searchLoc' is assigned a value but never used                                                                                     no-unused-vars
  Line 17:23:  'setSearchLoc' is assigned a value but never used                                                                                  no-unused-vars
  Line 20:24:  'serSilverData' is assigned a value but never used                                                                                 no-unused-vars
  Line 37:7:   React Hook useEffect has missing dependencies: 'lat', 'lng', and 'silverData'. Either include them or remove the dependency array  react-hooks/exhaustive-deps
  Line 42:19:  Expected '===' and instead saw '=='                                                                                                eqeqeq
  Line 42:37:  Expected '===' and instead saw '=='                                                                                                eqeqeq
  Line 81:80:  Array.prototype.map() expects a value to be returned at the end of arrow function                                                  array-callback-return

src/components/home/App.js
  Line 6:10:  'useRecoilState' is defined but never used                                                                        no-unused-vars
  Line 17:7:  React Hook useEffect has a missing dependency: 'setSilverData'. Either include it or remove the dependency array  react-hooks/exhaustive-deps

src/components/home/RouterWeb.js
  Line 73:7:  React Hook useEffect has a missing dependency: 'getAddress'. Either include it or remove the dependency array  react-hooks/exhaustive-deps

src/components/home/SearchFacility.js
  Line 3:8:    'axios' is defined but never used                                                  no-unused-vars
  Line 7:9:    'useEffect' is defined but never used                                              no-unused-vars
  Line 33:24:  'serSilverData' is assigned a value but never used                                 no-unused-vars
  Line 97:85:  Array.prototype.map() expects a value to be returned at the end of arrow function  array-callback-return

src/routes/FindFacility.js
  Line 1:30:   'Component' is defined but never used                                                                                                          no-unused-vars
  Line 124:7:  React Hook useEffect has missing dependencies: 'checkAccessToken' and 'getKoreaAddress'. Either include them or remove the dependency array    react-hooks/exhaustive-deps
  Line 131:8:  React Hook useEffect has missing dependencies: 'checkAccessToken' and 'checkUserLocation'. Either include them or remove the dependency array  react-hooks/exhaustive-deps

src/routes/Home.js
  Line 72:8:  React Hook useEffect has a missing dependency: 'lastRandom'. Either include it or remove the dependency array  react-hooks/exhaustive-deps

Search for the keywords to learn more about each warning.
To ignore, add // eslint-disable-next-line to the line before.

WARNING in [eslint] 
src/components/facility/UserLocFacility.js
  Line 17:12:  'searchLoc' is assigned a value but never used                                                                                     no-unused-vars
  Line 17:23:  'setSearchLoc' is assigned a value but never used                                                                                  no-unused-vars
  Line 20:24:  'serSilverData' is assigned a value but never used                                                                                 no-unused-vars
  Line 37:7:   React Hook useEffect has missing dependencies: 'lat', 'lng', and 'silverData'. Either include them or remove the dependency array  react-hooks/exhaustive-deps
  Line 42:19:  Expected '===' and instead saw '=='                                                                                                eqeqeq
  Line 42:37:  Expected '===' and instead saw '=='                                                                                                eqeqeq
  Line 81:80:  Array.prototype.map() expects a value to be returned at the end of arrow function                                                  array-callback-return

src/components/home/App.js
  Line 6:10:  'useRecoilState' is defined but never used                                                                        no-unused-vars
  Line 17:7:  React Hook useEffect has a missing dependency: 'setSilverData'. Either include it or remove the dependency array  react-hooks/exhaustive-deps

src/components/home/RouterWeb.js
  Line 73:7:  React Hook useEffect has a missing dependency: 'getAddress'. Either include it or remove the dependency array  react-hooks/exhaustive-deps

src/components/home/SearchFacility.js
  Line 3:8:    'axios' is defined but never used                                                  no-unused-vars
  Line 7:9:    'useEffect' is defined but never used                                              no-unused-vars
  Line 33:24:  'serSilverData' is assigned a value but never used                                 no-unused-vars
  Line 97:85:  Array.prototype.map() expects a value to be returned at the end of arrow function  array-callback-return

src/routes/FindFacility.js
  Line 1:30:   'Component' is defined but never used                                                                                                          no-unused-vars
  Line 124:7:  React Hook useEffect has missing dependencies: 'checkAccessToken' and 'getKoreaAddress'. Either include them or remove the dependency array    react-hooks/exhaustive-deps
  Line 131:8:  React Hook useEffect has missing dependencies: 'checkAccessToken' and 'checkUserLocation'. Either include them or remove the dependency array  react-hooks/exhaustive-deps

src/routes/Home.js
  Line 72:8:  React Hook useEffect has a missing dependency: 'lastRandom'. Either include it or remove the dependency array  react-hooks/exhaustive-deps

webpack compiled with 1 warning
npm ERR! path /home/ubuntu/.ssh/capstone_project/frontend
npm ERR! command failed
npm ERR! signal SIGHUP
npm ERR! command sh -c react-scripts start

npm ERR! A complete log of this run can be found in:
npm ERR!     /home/ubuntu/.npm/_logs/2023-10-19T03_10_34_734Z-debug-0.log

> capstone_frontend@0.1.0 start
> react-scripts start

Browserslist: caniuse-lite is outdated. Please run:
  npx update-browserslist-db@latest
  Why you should do it regularly: https://github.com/browserslist/update-db#readme
(node:14321) [DEP_WEBPACK_DEV_SERVER_ON_AFTER_SETUP_MIDDLEWARE] DeprecationWarning: 'onAfterSetupMiddleware' option is deprecated. Please use the 'setupMiddlewares' option.
(node:14321) [DEP_WEBPACK_DEV_SERVER_ON_BEFORE_SETUP_MIDDLEWARE] DeprecationWarning: 'onBeforeSetupMiddleware' option is deprecated. Please use the 'setupMiddlewares' option.
Starting the development server...

Compiled with warnings.

[eslint] 
src/components/facility/UserLocFacility.js
  Line 17:12:  'searchLoc' is assigned a value but never used                                                                                     no-unused-vars
  Line 17:23:  'setSearchLoc' is assigned a value but never used                                                                                  no-unused-vars
  Line 20:24:  'serSilverData' is assigned a value but never used                                                                                 no-unused-vars
  Line 37:7:   React Hook useEffect has missing dependencies: 'lat', 'lng', and 'silverData'. Either include them or remove the dependency array  react-hooks/exhaustive-deps
  Line 42:19:  Expected '===' and instead saw '=='                                                                                                eqeqeq
  Line 42:37:  Expected '===' and instead saw '=='                                                                                                eqeqeq
  Line 81:80:  Array.prototype.map() expects a value to be returned at the end of arrow function                                                  array-callback-return

src/components/home/App.js
  Line 6:10:  'useRecoilState' is defined but never used                                                                        no-unused-vars
  Line 17:7:  React Hook useEffect has a missing dependency: 'setSilverData'. Either include it or remove the dependency array  react-hooks/exhaustive-deps

src/components/home/RouterWeb.js
  Line 73:7:  React Hook useEffect has a missing dependency: 'getAddress'. Either include it or remove the dependency array  react-hooks/exhaustive-deps

src/components/home/SearchFacility.js
  Line 3:8:    'axios' is defined but never used                                                  no-unused-vars
  Line 7:9:    'useEffect' is defined but never used                                              no-unused-vars
  Line 33:24:  'serSilverData' is assigned a value but never used                                 no-unused-vars
  Line 97:85:  Array.prototype.map() expects a value to be returned at the end of arrow function  array-callback-return

src/routes/FindFacility.js
  Line 1:30:   'Component' is defined but never used                                                                                                          no-unused-vars
  Line 124:7:  React Hook useEffect has missing dependencies: 'checkAccessToken' and 'getKoreaAddress'. Either include them or remove the dependency array    react-hooks/exhaustive-deps
  Line 131:8:  React Hook useEffect has missing dependencies: 'checkAccessToken' and 'checkUserLocation'. Either include them or remove the dependency array  react-hooks/exhaustive-deps

src/routes/Home.js
  Line 72:8:  React Hook useEffect has a missing dependency: 'lastRandom'. Either include it or remove the dependency array  react-hooks/exhaustive-deps

Search for the keywords to learn more about each warning.
To ignore, add // eslint-disable-next-line to the line before.

WARNING in [eslint] 
src/components/facility/UserLocFacility.js
  Line 17:12:  'searchLoc' is assigned a value but never used                                                                                     no-unused-vars
  Line 17:23:  'setSearchLoc' is assigned a value but never used                                                                                  no-unused-vars
  Line 20:24:  'serSilverData' is assigned a value but never used                                                                                 no-unused-vars
  Line 37:7:   React Hook useEffect has missing dependencies: 'lat', 'lng', and 'silverData'. Either include them or remove the dependency array  react-hooks/exhaustive-deps
  Line 42:19:  Expected '===' and instead saw '=='                                                                                                eqeqeq
  Line 42:37:  Expected '===' and instead saw '=='                                                                                                eqeqeq
  Line 81:80:  Array.prototype.map() expects a value to be returned at the end of arrow function                                                  array-callback-return

src/components/home/App.js
  Line 6:10:  'useRecoilState' is defined but never used                                                                        no-unused-vars
  Line 17:7:  React Hook useEffect has a missing dependency: 'setSilverData'. Either include it or remove the dependency array  react-hooks/exhaustive-deps

src/components/home/RouterWeb.js
  Line 73:7:  React Hook useEffect has a missing dependency: 'getAddress'. Either include it or remove the dependency array  react-hooks/exhaustive-deps

src/components/home/SearchFacility.js
  Line 3:8:    'axios' is defined but never used                                                  no-unused-vars
  Line 7:9:    'useEffect' is defined but never used                                              no-unused-vars
  Line 33:24:  'serSilverData' is assigned a value but never used                                 no-unused-vars
  Line 97:85:  Array.prototype.map() expects a value to be returned at the end of arrow function  array-callback-return

src/routes/FindFacility.js
  Line 1:30:   'Component' is defined but never used                                                                                                          no-unused-vars
  Line 124:7:  React Hook useEffect has missing dependencies: 'checkAccessToken' and 'getKoreaAddress'. Either include them or remove the dependency array    react-hooks/exhaustive-deps
  Line 131:8:  React Hook useEffect has missing dependencies: 'checkAccessToken' and 'checkUserLocation'. Either include them or remove the dependency array  react-hooks/exhaustive-deps

src/routes/Home.js
  Line 72:8:  React Hook useEffect has a missing dependency: 'lastRandom'. Either include it or remove the dependency array  react-hooks/exhaustive-deps

webpack compiled with 1 warning
npm ERR! path /home/ubuntu/.ssh/capstone_project/frontend
npm ERR! command failed
npm ERR! signal SIGHUP
npm ERR! command sh -c react-scripts start

npm ERR! A complete log of this run can be found in:
npm ERR!     /home/ubuntu/.npm/_logs/2023-10-19T03_17_37_013Z-debug-0.log

> capstone_frontend@0.1.0 start
> react-scripts start

Browserslist: caniuse-lite is outdated. Please run:
  npx update-browserslist-db@latest
  Why you should do it regularly: https://github.com/browserslist/update-db#readme
(node:15323) [DEP_WEBPACK_DEV_SERVER_ON_AFTER_SETUP_MIDDLEWARE] DeprecationWarning: 'onAfterSetupMiddleware' option is deprecated. Please use the 'setupMiddlewares' option.
(node:15323) [DEP_WEBPACK_DEV_SERVER_ON_BEFORE_SETUP_MIDDLEWARE] DeprecationWarning: 'onBeforeSetupMiddleware' option is deprecated. Please use the 'setupMiddlewares' option.
Starting the development server...

Compiled with warnings.

[eslint] 
src/components/facility/UserLocFacility.js
  Line 17:12:  'searchLoc' is assigned a value but never used                                                                                     no-unused-vars
  Line 17:23:  'setSearchLoc' is assigned a value but never used                                                                                  no-unused-vars
  Line 20:24:  'serSilverData' is assigned a value but never used                                                                                 no-unused-vars
  Line 37:7:   React Hook useEffect has missing dependencies: 'lat', 'lng', and 'silverData'. Either include them or remove the dependency array  react-hooks/exhaustive-deps
  Line 42:19:  Expected '===' and instead saw '=='                                                                                                eqeqeq
  Line 42:37:  Expected '===' and instead saw '=='                                                                                                eqeqeq
  Line 81:80:  Array.prototype.map() expects a value to be returned at the end of arrow function                                                  array-callback-return

src/components/home/App.js
  Line 6:10:  'useRecoilState' is defined but never used                                                                        no-unused-vars
  Line 17:7:  React Hook useEffect has a missing dependency: 'setSilverData'. Either include it or remove the dependency array  react-hooks/exhaustive-deps

src/components/home/RouterWeb.js
  Line 73:7:  React Hook useEffect has a missing dependency: 'getAddress'. Either include it or remove the dependency array  react-hooks/exhaustive-deps

src/components/home/SearchFacility.js
  Line 3:8:    'axios' is defined but never used                                                  no-unused-vars
  Line 7:9:    'useEffect' is defined but never used                                              no-unused-vars
  Line 33:24:  'serSilverData' is assigned a value but never used                                 no-unused-vars
  Line 97:85:  Array.prototype.map() expects a value to be returned at the end of arrow function  array-callback-return

src/routes/FindFacility.js
  Line 1:30:   'Component' is defined but never used                                                                                                          no-unused-vars
  Line 124:7:  React Hook useEffect has missing dependencies: 'checkAccessToken' and 'getKoreaAddress'. Either include them or remove the dependency array    react-hooks/exhaustive-deps
  Line 131:8:  React Hook useEffect has missing dependencies: 'checkAccessToken' and 'checkUserLocation'. Either include them or remove the dependency array  react-hooks/exhaustive-deps

src/routes/Home.js
  Line 72:8:  React Hook useEffect has a missing dependency: 'lastRandom'. Either include it or remove the dependency array  react-hooks/exhaustive-deps

Search for the keywords to learn more about each warning.
To ignore, add // eslint-disable-next-line to the line before.

WARNING in [eslint] 
src/components/facility/UserLocFacility.js
  Line 17:12:  'searchLoc' is assigned a value but never used                                                                                     no-unused-vars
  Line 17:23:  'setSearchLoc' is assigned a value but never used                                                                                  no-unused-vars
  Line 20:24:  'serSilverData' is assigned a value but never used                                                                                 no-unused-vars
  Line 37:7:   React Hook useEffect has missing dependencies: 'lat', 'lng', and 'silverData'. Either include them or remove the dependency array  react-hooks/exhaustive-deps
  Line 42:19:  Expected '===' and instead saw '=='                                                                                                eqeqeq
  Line 42:37:  Expected '===' and instead saw '=='                                                                                                eqeqeq
  Line 81:80:  Array.prototype.map() expects a value to be returned at the end of arrow function                                                  array-callback-return

src/components/home/App.js
  Line 6:10:  'useRecoilState' is defined but never used                                                                        no-unused-vars
  Line 17:7:  React Hook useEffect has a missing dependency: 'setSilverData'. Either include it or remove the dependency array  react-hooks/exhaustive-deps

src/components/home/RouterWeb.js
  Line 73:7:  React Hook useEffect has a missing dependency: 'getAddress'. Either include it or remove the dependency array  react-hooks/exhaustive-deps

src/components/home/SearchFacility.js
  Line 3:8:    'axios' is defined but never used                                                  no-unused-vars
  Line 7:9:    'useEffect' is defined but never used                                              no-unused-vars
  Line 33:24:  'serSilverData' is assigned a value but never used                                 no-unused-vars
  Line 97:85:  Array.prototype.map() expects a value to be returned at the end of arrow function  array-callback-return

src/routes/FindFacility.js
  Line 1:30:   'Component' is defined but never used                                                                                                          no-unused-vars
  Line 124:7:  React Hook useEffect has missing dependencies: 'checkAccessToken' and 'getKoreaAddress'. Either include them or remove the dependency array    react-hooks/exhaustive-deps
  Line 131:8:  React Hook useEffect has missing dependencies: 'checkAccessToken' and 'checkUserLocation'. Either include them or remove the dependency array  react-hooks/exhaustive-deps

src/routes/Home.js
  Line 72:8:  React Hook useEffect has a missing dependency: 'lastRandom'. Either include it or remove the dependency array  react-hooks/exhaustive-deps

webpack compiled with 1 warning
npm ERR! path /home/ubuntu/.ssh/capstone_project/frontend
npm ERR! command failed
npm ERR! signal SIGHUP
npm ERR! command sh -c react-scripts start

npm ERR! A complete log of this run can be found in:
npm ERR!     /home/ubuntu/.npm/_logs/2023-10-19T03_33_54_198Z-debug-0.log

> capstone_frontend@0.1.0 start
> react-scripts start

Browserslist: caniuse-lite is outdated. Please run:
  npx update-browserslist-db@latest
  Why you should do it regularly: https://github.com/browserslist/update-db#readme
(node:1284) [DEP_WEBPACK_DEV_SERVER_ON_AFTER_SETUP_MIDDLEWARE] DeprecationWarning: 'onAfterSetupMiddleware' option is deprecated. Please use the 'setupMiddlewares' option.
(node:1284) [DEP_WEBPACK_DEV_SERVER_ON_BEFORE_SETUP_MIDDLEWARE] DeprecationWarning: 'onBeforeSetupMiddleware' option is deprecated. Please use the 'setupMiddlewares' option.
Starting the development server...

Compiled with warnings.

[eslint] 
src/components/facility/UserLocFacility.js
  Line 17:12:  'searchLoc' is assigned a value but never used                                                                                     no-unused-vars
  Line 17:23:  'setSearchLoc' is assigned a value but never used                                                                                  no-unused-vars
  Line 20:24:  'serSilverData' is assigned a value but never used                                                                                 no-unused-vars
  Line 37:7:   React Hook useEffect has missing dependencies: 'lat', 'lng', and 'silverData'. Either include them or remove the dependency array  react-hooks/exhaustive-deps
  Line 42:19:  Expected '===' and instead saw '=='                                                                                                eqeqeq
  Line 42:37:  Expected '===' and instead saw '=='                                                                                                eqeqeq
  Line 81:80:  Array.prototype.map() expects a value to be returned at the end of arrow function                                                  array-callback-return

src/components/home/App.js
  Line 6:10:  'useRecoilState' is defined but never used                                                                        no-unused-vars
  Line 17:7:  React Hook useEffect has a missing dependency: 'setSilverData'. Either include it or remove the dependency array  react-hooks/exhaustive-deps

src/components/home/RouterWeb.js
  Line 73:7:  React Hook useEffect has a missing dependency: 'getAddress'. Either include it or remove the dependency array  react-hooks/exhaustive-deps

src/components/home/SearchFacility.js
  Line 3:8:    'axios' is defined but never used                                                  no-unused-vars
  Line 7:9:    'useEffect' is defined but never used                                              no-unused-vars
  Line 33:24:  'serSilverData' is assigned a value but never used                                 no-unused-vars
  Line 97:85:  Array.prototype.map() expects a value to be returned at the end of arrow function  array-callback-return

src/routes/FindFacility.js
  Line 1:30:   'Component' is defined but never used                                                                                                          no-unused-vars
  Line 124:7:  React Hook useEffect has missing dependencies: 'checkAccessToken' and 'getKoreaAddress'. Either include them or remove the dependency array    react-hooks/exhaustive-deps
  Line 131:8:  React Hook useEffect has missing dependencies: 'checkAccessToken' and 'checkUserLocation'. Either include them or remove the dependency array  react-hooks/exhaustive-deps

src/routes/Home.js
  Line 72:8:  React Hook useEffect has a missing dependency: 'lastRandom'. Either include it or remove the dependency array  react-hooks/exhaustive-deps

Search for the keywords to learn more about each warning.
To ignore, add // eslint-disable-next-line to the line before.

WARNING in [eslint] 
src/components/facility/UserLocFacility.js
  Line 17:12:  'searchLoc' is assigned a value but never used                                                                                     no-unused-vars
  Line 17:23:  'setSearchLoc' is assigned a value but never used                                                                                  no-unused-vars
  Line 20:24:  'serSilverData' is assigned a value but never used                                                                                 no-unused-vars
  Line 37:7:   React Hook useEffect has missing dependencies: 'lat', 'lng', and 'silverData'. Either include them or remove the dependency array  react-hooks/exhaustive-deps
  Line 42:19:  Expected '===' and instead saw '=='                                                                                                eqeqeq
  Line 42:37:  Expected '===' and instead saw '=='                                                                                                eqeqeq
  Line 81:80:  Array.prototype.map() expects a value to be returned at the end of arrow function                                                  array-callback-return

src/components/home/App.js
  Line 6:10:  'useRecoilState' is defined but never used                                                                        no-unused-vars
  Line 17:7:  React Hook useEffect has a missing dependency: 'setSilverData'. Either include it or remove the dependency array  react-hooks/exhaustive-deps

src/components/home/RouterWeb.js
  Line 73:7:  React Hook useEffect has a missing dependency: 'getAddress'. Either include it or remove the dependency array  react-hooks/exhaustive-deps

src/components/home/SearchFacility.js
  Line 3:8:    'axios' is defined but never used                                                  no-unused-vars
  Line 7:9:    'useEffect' is defined but never used                                              no-unused-vars
  Line 33:24:  'serSilverData' is assigned a value but never used                                 no-unused-vars
  Line 97:85:  Array.prototype.map() expects a value to be returned at the end of arrow function  array-callback-return

src/routes/FindFacility.js
  Line 1:30:   'Component' is defined but never used                                                                                                          no-unused-vars
  Line 124:7:  React Hook useEffect has missing dependencies: 'checkAccessToken' and 'getKoreaAddress'. Either include them or remove the dependency array    react-hooks/exhaustive-deps
  Line 131:8:  React Hook useEffect has missing dependencies: 'checkAccessToken' and 'checkUserLocation'. Either include them or remove the dependency array  react-hooks/exhaustive-deps

src/routes/Home.js
  Line 72:8:  React Hook useEffect has a missing dependency: 'lastRandom'. Either include it or remove the dependency array  react-hooks/exhaustive-deps

webpack compiled with 1 warning
npm ERR! path /home/ubuntu/.ssh/capstone_project/frontend
npm ERR! command failed
npm ERR! signal SIGHUP
npm ERR! command sh -c react-scripts start

npm ERR! A complete log of this run can be found in:
npm ERR!     /home/ubuntu/.npm/_logs/2023-10-20T04_56_40_834Z-debug-0.log

> capstone_frontend@0.1.0 start
> react-scripts start

Browserslist: caniuse-lite is outdated. Please run:
  npx update-browserslist-db@latest
  Why you should do it regularly: https://github.com/browserslist/update-db#readme
(node:3258) [DEP_WEBPACK_DEV_SERVER_ON_AFTER_SETUP_MIDDLEWARE] DeprecationWarning: 'onAfterSetupMiddleware' option is deprecated. Please use the 'setupMiddlewares' option.
(node:3258) [DEP_WEBPACK_DEV_SERVER_ON_BEFORE_SETUP_MIDDLEWARE] DeprecationWarning: 'onBeforeSetupMiddleware' option is deprecated. Please use the 'setupMiddlewares' option.
Starting the development server...

Compiled successfully!

You can now view capstone_frontend in the browser.

  Local:            http://localhost:3000
  On Your Network:  http://172.31.44.23:3000

Note that the development build is not optimized.
To create a production build, use yarn build.

webpack compiled successfully

> capstone_frontend@0.1.0 start
> react-scripts start

Browserslist: caniuse-lite is outdated. Please run:
  npx update-browserslist-db@latest
  Why you should do it regularly: https://github.com/browserslist/update-db#readme
(node:3636) [DEP_WEBPACK_DEV_SERVER_ON_AFTER_SETUP_MIDDLEWARE] DeprecationWarning: 'onAfterSetupMiddleware' option is deprecated. Please use the 'setupMiddlewares' option.
(node:3636) [DEP_WEBPACK_DEV_SERVER_ON_BEFORE_SETUP_MIDDLEWARE] DeprecationWarning: 'onBeforeSetupMiddleware' option is deprecated. Please use the 'setupMiddlewares' option.
Starting the development server...

Compiled successfully!

You can now view capstone_frontend in the browser.

  Local:            http://localhost:3000
  On Your Network:  http://172.31.44.23:3000

Note that the development build is not optimized.
To create a production build, use yarn build.

webpack compiled successfully
Compiling...
Compiled successfully!
webpack compiled successfully
npm ERR! path /home/ubuntu/.ssh/capstone_project/frontend
npm ERR! command failed
npm ERR! signal SIGHUP
npm ERR! command sh -c react-scripts start

npm ERR! A complete log of this run can be found in:
npm ERR!     /home/ubuntu/.npm/_logs/2023-10-20T05_45_56_683Z-debug-0.log

> capstone_frontend@0.1.0 start
> react-scripts start

Browserslist: caniuse-lite is outdated. Please run:
  npx update-browserslist-db@latest
  Why you should do it regularly: https://github.com/browserslist/update-db#readme
(node:3001) [DEP_WEBPACK_DEV_SERVER_ON_AFTER_SETUP_MIDDLEWARE] DeprecationWarning: 'onAfterSetupMiddleware' option is deprecated. Please use the 'setupMiddlewares' option.
(node:3001) [DEP_WEBPACK_DEV_SERVER_ON_BEFORE_SETUP_MIDDLEWARE] DeprecationWarning: 'onBeforeSetupMiddleware' option is deprecated. Please use the 'setupMiddlewares' option.
Starting the development server...

Compiled with warnings.

[eslint] 
src/components/home/App.js
  Line 6:10:  'useRecoilState' is defined but never used                                                                        no-unused-vars
  Line 17:7:  React Hook useEffect has a missing dependency: 'setSilverData'. Either include it or remove the dependency array  react-hooks/exhaustive-deps

Search for the keywords to learn more about each warning.
To ignore, add // eslint-disable-next-line to the line before.

WARNING in [eslint] 
src/components/home/App.js
  Line 6:10:  'useRecoilState' is defined but never used                                                                        no-unused-vars
  Line 17:7:  React Hook useEffect has a missing dependency: 'setSilverData'. Either include it or remove the dependency array  react-hooks/exhaustive-deps

webpack compiled with 1 warning

> capstone_frontend@0.1.0 start
> react-scripts start

Browserslist: caniuse-lite is outdated. Please run:
  npx update-browserslist-db@latest
  Why you should do it regularly: https://github.com/browserslist/update-db#readme
(node:3298) [DEP_WEBPACK_DEV_SERVER_ON_AFTER_SETUP_MIDDLEWARE] DeprecationWarning: 'onAfterSetupMiddleware' option is deprecated. Please use the 'setupMiddlewares' option.
(node:3298) [DEP_WEBPACK_DEV_SERVER_ON_BEFORE_SETUP_MIDDLEWARE] DeprecationWarning: 'onBeforeSetupMiddleware' option is deprecated. Please use the 'setupMiddlewares' option.
Starting the development server...

Compiled successfully!

You can now view capstone_frontend in the browser.

  Local:            http://localhost:3000
  On Your Network:  http://172.31.44.23:3000

Note that the development build is not optimized.
To create a production build, use yarn build.

webpack compiled successfully

> capstone_frontend@0.1.0 start
> react-scripts start

Browserslist: caniuse-lite is outdated. Please run:
  npx update-browserslist-db@latest
  Why you should do it regularly: https://github.com/browserslist/update-db#readme
(node:4982) [DEP_WEBPACK_DEV_SERVER_ON_AFTER_SETUP_MIDDLEWARE] DeprecationWarning: 'onAfterSetupMiddleware' option is deprecated. Please use the 'setupMiddlewares' option.
(node:4982) [DEP_WEBPACK_DEV_SERVER_ON_BEFORE_SETUP_MIDDLEWARE] DeprecationWarning: 'onBeforeSetupMiddleware' option is deprecated. Please use the 'setupMiddlewares' option.
Starting the development server...

Compiled with warnings.

[eslint] 
src/components/home/App.js
  Line 6:10:  'useRecoilState' is defined but never used                                                                        no-unused-vars
  Line 17:7:  React Hook useEffect has a missing dependency: 'setSilverData'. Either include it or remove the dependency array  react-hooks/exhaustive-deps

Search for the keywords to learn more about each warning.
To ignore, add // eslint-disable-next-line to the line before.

WARNING in [eslint] 
src/components/home/App.js
  Line 6:10:  'useRecoilState' is defined but never used                                                                        no-unused-vars
  Line 17:7:  React Hook useEffect has a missing dependency: 'setSilverData'. Either include it or remove the dependency array  react-hooks/exhaustive-deps

webpack compiled with 1 warning
Compiling...
Compiled with warnings.

[eslint] 
src/components/home/App.js
  Line 6:10:  'useRecoilState' is defined but never used                                                                        no-unused-vars
  Line 17:7:  React Hook useEffect has a missing dependency: 'setSilverData'. Either include it or remove the dependency array  react-hooks/exhaustive-deps

Search for the keywords to learn more about each warning.
To ignore, add // eslint-disable-next-line to the line before.

WARNING in [eslint] 
src/components/home/App.js
  Line 6:10:  'useRecoilState' is defined but never used                                                                        no-unused-vars
  Line 17:7:  React Hook useEffect has a missing dependency: 'setSilverData'. Either include it or remove the dependency array  react-hooks/exhaustive-deps

webpack compiled with 1 warning

> capstone_frontend@0.1.0 start
> react-scripts start

Browserslist: caniuse-lite is outdated. Please run:
  npx update-browserslist-db@latest
  Why you should do it regularly: https://github.com/browserslist/update-db#readme
(node:6531) [DEP_WEBPACK_DEV_SERVER_ON_AFTER_SETUP_MIDDLEWARE] DeprecationWarning: 'onAfterSetupMiddleware' option is deprecated. Please use the 'setupMiddlewares' option.
(node:6531) [DEP_WEBPACK_DEV_SERVER_ON_BEFORE_SETUP_MIDDLEWARE] DeprecationWarning: 'onBeforeSetupMiddleware' option is deprecated. Please use the 'setupMiddlewares' option.
Starting the development server...

Compiled successfully!

You can now view capstone_frontend in the browser.

  Local:            http://localhost:3000
  On Your Network:  http://172.31.44.23:3000

Note that the development build is not optimized.
To create a production build, use yarn build.

webpack compiled successfully

> capstone_frontend@0.1.0 start
> react-scripts start

Browserslist: caniuse-lite is outdated. Please run:
  npx update-browserslist-db@latest
  Why you should do it regularly: https://github.com/browserslist/update-db#readme
(node:8050) [DEP_WEBPACK_DEV_SERVER_ON_AFTER_SETUP_MIDDLEWARE] DeprecationWarning: 'onAfterSetupMiddleware' option is deprecated. Please use the 'setupMiddlewares' option.
(node:8050) [DEP_WEBPACK_DEV_SERVER_ON_BEFORE_SETUP_MIDDLEWARE] DeprecationWarning: 'onBeforeSetupMiddleware' option is deprecated. Please use the 'setupMiddlewares' option.
Starting the development server...

Failed to compile.

[eslint] 
src/components/home/App.js
  Line 9:51:  'useState' is not defined  no-undef

Search for the keywords to learn more about each error.
WARNING in [eslint] 
src/components/home/App.js
  Line 6:10:  'useRecoilState' is defined but never used                                                                        no-unused-vars
  Line 19:7:  React Hook useEffect has a missing dependency: 'setSilverData'. Either include it or remove the dependency array  react-hooks/exhaustive-deps

ERROR in [eslint] 
src/components/home/App.js
  Line 9:51:  'useState' is not defined  no-undef

Search for the keywords to learn more about each error.

webpack compiled with 1 error and 1 warning
Compiling...
Compiled with warnings.

[eslint] 
src/components/home/App.js
  Line 6:10:  'useRecoilState' is defined but never used                                                                        no-unused-vars
  Line 19:7:  React Hook useEffect has a missing dependency: 'setSilverData'. Either include it or remove the dependency array  react-hooks/exhaustive-deps

Search for the keywords to learn more about each warning.
To ignore, add // eslint-disable-next-line to the line before.

WARNING in [eslint] 
src/components/home/App.js
  Line 6:10:  'useRecoilState' is defined but never used                                                                        no-unused-vars
  Line 19:7:  React Hook useEffect has a missing dependency: 'setSilverData'. Either include it or remove the dependency array  react-hooks/exhaustive-deps

webpack compiled with 1 warning
Compiling...
Compiled with warnings.

[eslint] 
src/components/home/App.js
  Line 6:10:  'useRecoilState' is defined but never used                                                                        no-unused-vars
  Line 19:7:  React Hook useEffect has a missing dependency: 'setSilverData'. Either include it or remove the dependency array  react-hooks/exhaustive-deps

Search for the keywords to learn more about each warning.
To ignore, add // eslint-disable-next-line to the line before.

WARNING in [eslint] 
src/components/home/App.js
  Line 6:10:  'useRecoilState' is defined but never used                                                                        no-unused-vars
  Line 19:7:  React Hook useEffect has a missing dependency: 'setSilverData'. Either include it or remove the dependency array  react-hooks/exhaustive-deps

webpack compiled with 1 warning
Compiling...
Compiled with warnings.

[eslint] 
src/components/home/App.js
  Line 6:10:  'useRecoilState' is defined but never used                                                                        no-unused-vars
  Line 21:7:  React Hook useEffect has a missing dependency: 'setSilverData'. Either include it or remove the dependency array  react-hooks/exhaustive-deps

Search for the keywords to learn more about each warning.
To ignore, add // eslint-disable-next-line to the line before.

WARNING in [eslint] 
src/components/home/App.js
  Line 6:10:  'useRecoilState' is defined but never used                                                                        no-unused-vars
  Line 21:7:  React Hook useEffect has a missing dependency: 'setSilverData'. Either include it or remove the dependency array  react-hooks/exhaustive-deps

webpack compiled with 1 warning

> capstone_frontend@0.1.0 start
> react-scripts start

Browserslist: caniuse-lite is outdated. Please run:
  npx update-browserslist-db@latest
  Why you should do it regularly: https://github.com/browserslist/update-db#readme
(node:8593) [DEP_WEBPACK_DEV_SERVER_ON_AFTER_SETUP_MIDDLEWARE] DeprecationWarning: 'onAfterSetupMiddleware' option is deprecated. Please use the 'setupMiddlewares' option.
(node:8593) [DEP_WEBPACK_DEV_SERVER_ON_BEFORE_SETUP_MIDDLEWARE] DeprecationWarning: 'onBeforeSetupMiddleware' option is deprecated. Please use the 'setupMiddlewares' option.
Starting the development server...

Compiled successfully!

You can now view capstone_frontend in the browser.

  Local:            http://localhost:3000
  On Your Network:  http://172.31.44.23:3000

Note that the development build is not optimized.
To create a production build, use yarn build.

webpack compiled successfully
npm ERR! path /home/ubuntu/.ssh/capstone_project/frontend
npm ERR! command failed
npm ERR! signal SIGHUP
npm ERR! command sh -c react-scripts start

npm ERR! A complete log of this run can be found in:
npm ERR!     /home/ubuntu/.npm/_logs/2023-10-24T05_46_26_587Z-debug-0.log

> capstone_frontend@0.1.0 start
> react-scripts start

Browserslist: caniuse-lite is outdated. Please run:
  npx update-browserslist-db@latest
  Why you should do it regularly: https://github.com/browserslist/update-db#readme
(node:46084) [DEP_WEBPACK_DEV_SERVER_ON_AFTER_SETUP_MIDDLEWARE] DeprecationWarning: 'onAfterSetupMiddleware' option is deprecated. Please use the 'setupMiddlewares' option.
(node:46084) [DEP_WEBPACK_DEV_SERVER_ON_BEFORE_SETUP_MIDDLEWARE] DeprecationWarning: 'onBeforeSetupMiddleware' option is deprecated. Please use the 'setupMiddlewares' option.
Starting the development server...

Compiled successfully!

You can now view capstone_frontend in the browser.

  Local:            http://localhost:3000
  On Your Network:  http://172.31.44.23:3000

Note that the development build is not optimized.
To create a production build, use yarn build.

webpack compiled successfully

> capstone_frontend@0.1.0 start
> react-scripts start

Browserslist: caniuse-lite is outdated. Please run:
  npx update-browserslist-db@latest
  Why you should do it regularly: https://github.com/browserslist/update-db#readme
(node:47216) [DEP_WEBPACK_DEV_SERVER_ON_AFTER_SETUP_MIDDLEWARE] DeprecationWarning: 'onAfterSetupMiddleware' option is deprecated. Please use the 'setupMiddlewares' option.
(node:47216) [DEP_WEBPACK_DEV_SERVER_ON_BEFORE_SETUP_MIDDLEWARE] DeprecationWarning: 'onBeforeSetupMiddleware' option is deprecated. Please use the 'setupMiddlewares' option.
Starting the development server...

Compiled successfully!

You can now view capstone_frontend in the browser.

  Local:            http://localhost:3000
  On Your Network:  http://172.31.44.23:3000

Note that the development build is not optimized.
To create a production build, use yarn build.

webpack compiled successfully

> capstone_frontend@0.1.0 start
> react-scripts start

Browserslist: caniuse-lite is outdated. Please run:
  npx update-browserslist-db@latest
  Why you should do it regularly: https://github.com/browserslist/update-db#readme
(node:47639) [DEP_WEBPACK_DEV_SERVER_ON_AFTER_SETUP_MIDDLEWARE] DeprecationWarning: 'onAfterSetupMiddleware' option is deprecated. Please use the 'setupMiddlewares' option.
(node:47639) [DEP_WEBPACK_DEV_SERVER_ON_BEFORE_SETUP_MIDDLEWARE] DeprecationWarning: 'onBeforeSetupMiddleware' option is deprecated. Please use the 'setupMiddlewares' option.
Starting the development server...

Compiled successfully!

You can now view capstone_frontend in the browser.

  Local:            http://localhost:3000
  On Your Network:  http://172.31.44.23:3000

Note that the development build is not optimized.
To create a production build, use yarn build.

webpack compiled successfully
